$ yarn add @mui/material @emotion/react @emotion/styled
yarn add v1.22.19
[1/4] ðŸ”  Resolving packages...
[2/4] ðŸšš  Fetching packages...
[3/4] ðŸ”—  Linking dependencies...
warning " > @testing-library/user-event@13.5.0" has unmet peer dependency "@testing-library/dom@>=7.21.4".
warning "react-scripts > eslint-config-react-app > eslint-plugin-flowtype@8.0.3" has unmet peer dependency "@babel/plugin-syntax-flow@^7.14.5".
warning "react-scripts > eslint-config-react-app > eslint-plugin-flowtype@8.0.3" has unmet peer dependency "@babel/plugin-transform-react-jsx@^7.14.9".
warning "@emotion/react > @emotion/babel-plugin > @babel/plugin-syntax-jsx@7.18.6" has unmet peer dependency "@babel/core@^7.0.0-0".
warning "@emotion/react > @emotion/babel-plugin@11.9.2" has unmet peer dependency "@babel/core@^7.0.0".
[4/4] ðŸ”¨  Building fresh packages...
success Saved lockfile.
success Saved 17 new dependencies.
info Direct dependencies
â”œâ”€ @emotion/react@11.9.3
â”œâ”€ @emotion/styled@11.9.3
â””â”€ @mui/material@5.9.1
info All dependencies
â”œâ”€ @emotion/react@11.9.3
â”œâ”€ @emotion/sheet@1.1.1
â”œâ”€ @emotion/styled@11.9.3
â”œâ”€ @emotion/unitless@0.7.5
â”œâ”€ @mui/base@5.0.0-alpha.90
â”œâ”€ @mui/material@5.9.1
â”œâ”€ @mui/private-theming@5.9.1
â”œâ”€ @mui/styled-engine@5.8.7
â”œâ”€ @mui/system@5.9.1
â”œâ”€ @popperjs/core@2.11.5
â”œâ”€ @types/react-is@17.0.3
â”œâ”€ @types/react-transition-group@4.4.5
â”œâ”€ babel-plugin-macros@2.8.0
â”œâ”€ dom-helpers@5.2.1
â”œâ”€ find-root@1.1.0
â”œâ”€ hoist-non-react-statics@3.3.2
â””â”€ react-transition-group@4.4.2
âœ¨  Done in 16.59s.
