$ yarn add react-dnd react-dnd-html5-backend
yarn add v1.22.19
[1/4] ðŸ”  Resolving packages...
[2/4] ðŸšš  Fetching packages...
[3/4] ðŸ”—  Linking dependencies...
warning "@emotion/react > @emotion/babel-plugin@11.9.2" has unmet peer dependency "@babel/core@^7.0.0".
warning "@emotion/react > @emotion/babel-plugin > @babel/plugin-syntax-jsx@7.18.6" has unmet peer dependency "@babel/core@^7.0.0-0".
warning " > @testing-library/user-event@13.5.0" has unmet peer dependency "@testing-library/dom@>=7.21.4".
warning "react-scripts > eslint-config-react-app > eslint-plugin-flowtype@8.0.3" has unmet peer dependency "@babel/plugin-syntax-flow@^7.14.5".
warning "react-scripts > eslint-config-react-app > eslint-plugin-flowtype@8.0.3" has unmet peer dependency "@babel/plugin-transform-react-jsx@^7.14.9".
[4/4] ðŸ”¨  Building fresh packages...

success Saved lockfile.
success Saved 5 new dependencies.
info Direct dependencies
â”œâ”€ react-dnd-html5-backend@16.0.1
â””â”€ react-dnd@16.0.1
info All dependencies
â”œâ”€ @react-dnd/asap@5.0.2
â”œâ”€ @react-dnd/shallowequal@4.0.2
â”œâ”€ react-dnd-html5-backend@16.0.1
â”œâ”€ react-dnd@16.0.1
â””â”€ redux@4.2.0
âœ¨  Done in 8.84s.
